<?xml version="1.0" encoding="UTF-8"?>
<!-- Generated by org.testng.reporters.JUnitReportReporter -->
<testsuite hostname="Marcos-MacBook-Air.local" failures="0" tests="1" name="CheckoutPageTest" time="40.183" errors="0" timestamp="2024-06-22T16:34:31 CST" skipped="0">
  <testcase classname="CheckoutPageTest" name="testBuyingArticles" time="40.183"/>
</testsuite> <!-- CheckoutPageTest -->
