<?xml version="1.0" encoding="UTF-8"?>
<!-- Generated by org.testng.reporters.JUnitReportReporter -->
<testsuite hostname="Marcos-MacBook-Air.local" failures="0" tests="1" name="LoginPageTest" time="22.117" errors="0" timestamp="2024-06-21T22:36:37 CST" skipped="0">
  <testcase classname="LoginPageTest" name="testLoginValidCredentials" time="22.117"/>
</testsuite> <!-- LoginPageTest -->
